running egg_info
writing ../../build/performance_monitor/performance_monitor.egg-info/PKG-INFO
writing dependency_links to ../../build/performance_monitor/performance_monitor.egg-info/dependency_links.txt
writing entry points to ../../build/performance_monitor/performance_monitor.egg-info/entry_points.txt
writing requirements to ../../build/performance_monitor/performance_monitor.egg-info/requires.txt
writing top-level names to ../../build/performance_monitor/performance_monitor.egg-info/top_level.txt
reading manifest file '../../build/performance_monitor/performance_monitor.egg-info/SOURCES.txt'
writing manifest file '../../build/performance_monitor/performance_monitor.egg-info/SOURCES.txt'
running build
running build_py
copying performance_monitor/performance_monitor_node.py -> /home/hallzero/Code/2025-1A-T01-G05-INTERNO/src/computer_vision/kinect_publisher_ws/build/performance_monitor/build/lib/performance_monitor
running install
running install_lib
copying /home/hallzero/Code/2025-1A-T01-G05-INTERNO/src/computer_vision/kinect_publisher_ws/build/performance_monitor/build/lib/performance_monitor/performance_monitor_node.py -> /home/hallzero/Code/2025-1A-T01-G05-INTERNO/src/computer_vision/kinect_publisher_ws/install/performance_monitor/lib/python3.12/site-packages/performance_monitor
byte-compiling /home/hallzero/Code/2025-1A-T01-G05-INTERNO/src/computer_vision/kinect_publisher_ws/install/performance_monitor/lib/python3.12/site-packages/performance_monitor/performance_monitor_node.py to performance_monitor_node.cpython-312.pyc
running install_data
running install_egg_info
removing '/home/hallzero/Code/2025-1A-T01-G05-INTERNO/src/computer_vision/kinect_publisher_ws/install/performance_monitor/lib/python3.12/site-packages/performance_monitor-0.0.0-py3.12.egg-info' (and everything under it)
Copying ../../build/performance_monitor/performance_monitor.egg-info to /home/hallzero/Code/2025-1A-T01-G05-INTERNO/src/computer_vision/kinect_publisher_ws/install/performance_monitor/lib/python3.12/site-packages/performance_monitor-0.0.0-py3.12.egg-info
running install_scripts
Installing performance_monitor_node script to /home/hallzero/Code/2025-1A-T01-G05-INTERNO/src/computer_vision/kinect_publisher_ws/install/performance_monitor/lib/performance_monitor
writing list of installed files to '/home/hallzero/Code/2025-1A-T01-G05-INTERNO/src/computer_vision/kinect_publisher_ws/build/performance_monitor/install.log'
