[0.200s] DEBUG:colcon:Command line arguments: ['/usr/bin/colcon', 'build']
[0.200s] DEBUG:colcon:Parsed command line arguments: Namespace(log_base=None, log_level=None, verb_name='build', build_base='build', install_base='install', merge_install=False, symlink_install=False, test_result_base=None, continue_on_error=False, executor='parallel', parallel_workers=8, event_handlers=None, ignore_user_meta=False, metas=['./colcon.meta'], base_paths=['.'], packages_ignore=None, packages_ignore_regex=None, paths=None, packages_up_to=None, packages_up_to_regex=None, packages_above=None, packages_above_and_dependencies=None, packages_above_depth=None, packages_select_by_dep=None, packages_skip_by_dep=None, packages_skip_up_to=None, packages_select_build_failed=False, packages_skip_build_finished=False, packages_select_test_failures=False, packages_skip_test_passed=False, packages_select=None, packages_skip=None, packages_select_regex=None, packages_skip_regex=None, packages_start=None, packages_end=None, allow_overriding=[], cmake_args=None, cmake_target=None, cmake_target_skip_unavailable=False, cmake_clean_cache=False, cmake_clean_first=False, cmake_force_configure=False, ament_cmake_args=None, catkin_cmake_args=None, catkin_skip_building_tests=False, mixin_files=None, mixin=None, verb_parser=<colcon_mixin.mixin.mixin_argument.MixinArgumentDecorator object at 0x7164e1a9daf0>, verb_extension=<colcon_core.verb.build.BuildVerb object at 0x7164e1a4f830>, main=<bound method BuildVerb.main of <colcon_core.verb.build.BuildVerb object at 0x7164e1a4f830>>, mixin_verb=('build',))
[0.275s] Level 1:colcon.colcon_core.package_discovery:discover_packages(colcon_meta) check parameters
[0.275s] Level 1:colcon.colcon_core.package_discovery:discover_packages(recursive) check parameters
[0.275s] Level 1:colcon.colcon_core.package_discovery:discover_packages(ignore) check parameters
[0.275s] Level 1:colcon.colcon_core.package_discovery:discover_packages(path) check parameters
[0.275s] Level 1:colcon.colcon_core.package_discovery:discover_packages(colcon_meta) discover
[0.275s] Level 1:colcon.colcon_core.package_discovery:discover_packages(recursive) discover
[0.275s] INFO:colcon.colcon_core.package_discovery:Crawling recursively for packages in '/home/hallzero/Code/2025-1A-T01-G05-INTERNO/src/computer_vision/kinect_publisher_ws'
[0.275s] Level 1:colcon.colcon_core.package_identification:_identify(.) by extensions ['ignore', 'ignore_ament_install']
[0.275s] Level 1:colcon.colcon_core.package_identification:_identify(.) by extension 'ignore'
[0.275s] Level 1:colcon.colcon_core.package_identification:_identify(.) by extension 'ignore_ament_install'
[0.275s] Level 1:colcon.colcon_core.package_identification:_identify(.) by extensions ['colcon_pkg']
[0.275s] Level 1:colcon.colcon_core.package_identification:_identify(.) by extension 'colcon_pkg'
[0.275s] Level 1:colcon.colcon_core.package_identification:_identify(.) by extensions ['colcon_meta']
[0.275s] Level 1:colcon.colcon_core.package_identification:_identify(.) by extension 'colcon_meta'
[0.275s] Level 1:colcon.colcon_core.package_identification:_identify(.) by extensions ['ros']
[0.276s] Level 1:colcon.colcon_core.package_identification:_identify(.) by extension 'ros'
[0.299s] Level 1:colcon.colcon_core.package_identification:_identify(.) by extensions ['cmake', 'python']
[0.299s] Level 1:colcon.colcon_core.package_identification:_identify(.) by extension 'cmake'
[0.299s] Level 1:colcon.colcon_core.package_identification:_identify(.) by extension 'python'
[0.299s] Level 1:colcon.colcon_core.package_identification:_identify(.) by extensions ['python_setup_py']
[0.299s] Level 1:colcon.colcon_core.package_identification:_identify(.) by extension 'python_setup_py'
[0.299s] Level 1:colcon.colcon_core.package_identification:_identify(build) by extensions ['ignore', 'ignore_ament_install']
[0.299s] Level 1:colcon.colcon_core.package_identification:_identify(build) by extension 'ignore'
[0.299s] Level 1:colcon.colcon_core.package_identification:_identify(build) ignored
[0.299s] Level 1:colcon.colcon_core.package_identification:_identify(install) by extensions ['ignore', 'ignore_ament_install']
[0.299s] Level 1:colcon.colcon_core.package_identification:_identify(install) by extension 'ignore'
[0.299s] Level 1:colcon.colcon_core.package_identification:_identify(install) ignored
[0.300s] Level 1:colcon.colcon_core.package_identification:_identify(log) by extensions ['ignore', 'ignore_ament_install']
[0.300s] Level 1:colcon.colcon_core.package_identification:_identify(log) by extension 'ignore'
[0.300s] Level 1:colcon.colcon_core.package_identification:_identify(log) ignored
[0.300s] Level 1:colcon.colcon_core.package_identification:_identify(src) by extensions ['ignore', 'ignore_ament_install']
[0.300s] Level 1:colcon.colcon_core.package_identification:_identify(src) by extension 'ignore'
[0.300s] Level 1:colcon.colcon_core.package_identification:_identify(src) by extension 'ignore_ament_install'
[0.300s] Level 1:colcon.colcon_core.package_identification:_identify(src) by extensions ['colcon_pkg']
[0.300s] Level 1:colcon.colcon_core.package_identification:_identify(src) by extension 'colcon_pkg'
[0.300s] Level 1:colcon.colcon_core.package_identification:_identify(src) by extensions ['colcon_meta']
[0.300s] Level 1:colcon.colcon_core.package_identification:_identify(src) by extension 'colcon_meta'
[0.300s] Level 1:colcon.colcon_core.package_identification:_identify(src) by extensions ['ros']
[0.300s] Level 1:colcon.colcon_core.package_identification:_identify(src) by extension 'ros'
[0.300s] Level 1:colcon.colcon_core.package_identification:_identify(src) by extensions ['cmake', 'python']
[0.300s] Level 1:colcon.colcon_core.package_identification:_identify(src) by extension 'cmake'
[0.300s] Level 1:colcon.colcon_core.package_identification:_identify(src) by extension 'python'
[0.300s] Level 1:colcon.colcon_core.package_identification:_identify(src) by extensions ['python_setup_py']
[0.300s] Level 1:colcon.colcon_core.package_identification:_identify(src) by extension 'python_setup_py'
[0.300s] Level 1:colcon.colcon_core.package_identification:_identify(src/kinect_camera) by extensions ['ignore', 'ignore_ament_install']
[0.301s] Level 1:colcon.colcon_core.package_identification:_identify(src/kinect_camera) by extension 'ignore'
[0.301s] Level 1:colcon.colcon_core.package_identification:_identify(src/kinect_camera) by extension 'ignore_ament_install'
[0.301s] Level 1:colcon.colcon_core.package_identification:_identify(src/kinect_camera) by extensions ['colcon_pkg']
[0.301s] Level 1:colcon.colcon_core.package_identification:_identify(src/kinect_camera) by extension 'colcon_pkg'
[0.301s] Level 1:colcon.colcon_core.package_identification:_identify(src/kinect_camera) by extensions ['colcon_meta']
[0.301s] Level 1:colcon.colcon_core.package_identification:_identify(src/kinect_camera) by extension 'colcon_meta'
[0.301s] Level 1:colcon.colcon_core.package_identification:_identify(src/kinect_camera) by extensions ['ros']
[0.301s] Level 1:colcon.colcon_core.package_identification:_identify(src/kinect_camera) by extension 'ros'
[0.305s] DEBUG:colcon.colcon_core.package_identification:Package 'src/kinect_camera' with type 'ros.ament_python' and name 'kinect_camera'
[0.305s] Level 1:colcon.colcon_core.package_identification:_identify(src/performance_monitor) by extensions ['ignore', 'ignore_ament_install']
[0.305s] Level 1:colcon.colcon_core.package_identification:_identify(src/performance_monitor) by extension 'ignore'
[0.305s] Level 1:colcon.colcon_core.package_identification:_identify(src/performance_monitor) by extension 'ignore_ament_install'
[0.305s] Level 1:colcon.colcon_core.package_identification:_identify(src/performance_monitor) by extensions ['colcon_pkg']
[0.305s] Level 1:colcon.colcon_core.package_identification:_identify(src/performance_monitor) by extension 'colcon_pkg'
[0.305s] Level 1:colcon.colcon_core.package_identification:_identify(src/performance_monitor) by extensions ['colcon_meta']
[0.305s] Level 1:colcon.colcon_core.package_identification:_identify(src/performance_monitor) by extension 'colcon_meta'
[0.305s] Level 1:colcon.colcon_core.package_identification:_identify(src/performance_monitor) by extensions ['ros']
[0.305s] Level 1:colcon.colcon_core.package_identification:_identify(src/performance_monitor) by extension 'ros'
[0.306s] DEBUG:colcon.colcon_core.package_identification:Package 'src/performance_monitor' with type 'ros.ament_python' and name 'performance_monitor'
[0.306s] Level 1:colcon.colcon_core.package_discovery:discover_packages(recursive) using defaults
[0.306s] Level 1:colcon.colcon_core.package_discovery:discover_packages(ignore) discover
[0.306s] Level 1:colcon.colcon_core.package_discovery:discover_packages(ignore) using defaults
[0.306s] Level 1:colcon.colcon_core.package_discovery:discover_packages(path) discover
[0.306s] Level 1:colcon.colcon_core.package_discovery:discover_packages(path) using defaults
[0.339s] Level 1:colcon.colcon_core.package_discovery:discover_packages(prefix_path) check parameters
[0.339s] Level 1:colcon.colcon_core.package_discovery:discover_packages(prefix_path) discover
[0.346s] DEBUG:colcon.colcon_installed_package_information.package_discovery:Found 313 installed packages in /opt/ros/jazzy
[0.347s] Level 1:colcon.colcon_core.package_discovery:discover_packages(prefix_path) using defaults
[0.442s] Level 5:colcon.colcon_core.verb:set package 'kinect_camera' build argument 'cmake_args' from command line to 'None'
[0.443s] Level 5:colcon.colcon_core.verb:set package 'kinect_camera' build argument 'cmake_target' from command line to 'None'
[0.443s] Level 5:colcon.colcon_core.verb:set package 'kinect_camera' build argument 'cmake_target_skip_unavailable' from command line to 'False'
[0.443s] Level 5:colcon.colcon_core.verb:set package 'kinect_camera' build argument 'cmake_clean_cache' from command line to 'False'
[0.443s] Level 5:colcon.colcon_core.verb:set package 'kinect_camera' build argument 'cmake_clean_first' from command line to 'False'
[0.443s] Level 5:colcon.colcon_core.verb:set package 'kinect_camera' build argument 'cmake_force_configure' from command line to 'False'
[0.443s] Level 5:colcon.colcon_core.verb:set package 'kinect_camera' build argument 'ament_cmake_args' from command line to 'None'
[0.443s] Level 5:colcon.colcon_core.verb:set package 'kinect_camera' build argument 'catkin_cmake_args' from command line to 'None'
[0.443s] Level 5:colcon.colcon_core.verb:set package 'kinect_camera' build argument 'catkin_skip_building_tests' from command line to 'False'
[0.443s] DEBUG:colcon.colcon_core.verb:Building package 'kinect_camera' with the following arguments: {'ament_cmake_args': None, 'build_base': '/home/hallzero/Code/2025-1A-T01-G05-INTERNO/src/computer_vision/kinect_publisher_ws/build/kinect_camera', 'catkin_cmake_args': None, 'catkin_skip_building_tests': False, 'cmake_args': None, 'cmake_clean_cache': False, 'cmake_clean_first': False, 'cmake_force_configure': False, 'cmake_target': None, 'cmake_target_skip_unavailable': False, 'install_base': '/home/hallzero/Code/2025-1A-T01-G05-INTERNO/src/computer_vision/kinect_publisher_ws/install/kinect_camera', 'merge_install': False, 'path': '/home/hallzero/Code/2025-1A-T01-G05-INTERNO/src/computer_vision/kinect_publisher_ws/src/kinect_camera', 'symlink_install': False, 'test_result_base': None}
[0.443s] Level 5:colcon.colcon_core.verb:set package 'performance_monitor' build argument 'cmake_args' from command line to 'None'
[0.443s] Level 5:colcon.colcon_core.verb:set package 'performance_monitor' build argument 'cmake_target' from command line to 'None'
[0.443s] Level 5:colcon.colcon_core.verb:set package 'performance_monitor' build argument 'cmake_target_skip_unavailable' from command line to 'False'
[0.443s] Level 5:colcon.colcon_core.verb:set package 'performance_monitor' build argument 'cmake_clean_cache' from command line to 'False'
[0.443s] Level 5:colcon.colcon_core.verb:set package 'performance_monitor' build argument 'cmake_clean_first' from command line to 'False'
[0.443s] Level 5:colcon.colcon_core.verb:set package 'performance_monitor' build argument 'cmake_force_configure' from command line to 'False'
[0.443s] Level 5:colcon.colcon_core.verb:set package 'performance_monitor' build argument 'ament_cmake_args' from command line to 'None'
[0.443s] Level 5:colcon.colcon_core.verb:set package 'performance_monitor' build argument 'catkin_cmake_args' from command line to 'None'
[0.443s] Level 5:colcon.colcon_core.verb:set package 'performance_monitor' build argument 'catkin_skip_building_tests' from command line to 'False'
[0.443s] DEBUG:colcon.colcon_core.verb:Building package 'performance_monitor' with the following arguments: {'ament_cmake_args': None, 'build_base': '/home/hallzero/Code/2025-1A-T01-G05-INTERNO/src/computer_vision/kinect_publisher_ws/build/performance_monitor', 'catkin_cmake_args': None, 'catkin_skip_building_tests': False, 'cmake_args': None, 'cmake_clean_cache': False, 'cmake_clean_first': False, 'cmake_force_configure': False, 'cmake_target': None, 'cmake_target_skip_unavailable': False, 'install_base': '/home/hallzero/Code/2025-1A-T01-G05-INTERNO/src/computer_vision/kinect_publisher_ws/install/performance_monitor', 'merge_install': False, 'path': '/home/hallzero/Code/2025-1A-T01-G05-INTERNO/src/computer_vision/kinect_publisher_ws/src/performance_monitor', 'symlink_install': False, 'test_result_base': None}
[0.443s] INFO:colcon.colcon_core.executor:Executing jobs using 'parallel' executor
[0.444s] DEBUG:colcon.colcon_parallel_executor.executor.parallel:run_until_complete
[0.444s] INFO:colcon.colcon_ros.task.ament_python.build:Building ROS package in '/home/hallzero/Code/2025-1A-T01-G05-INTERNO/src/computer_vision/kinect_publisher_ws/src/kinect_camera' with build type 'ament_python'
[0.444s] Level 1:colcon.colcon_core.shell:create_environment_hook('kinect_camera', 'ament_prefix_path')
[0.449s] INFO:colcon.colcon_core.plugin_system:Skipping extension 'colcon_core.shell.bat': Not used on non-Windows systems
[0.449s] INFO:colcon.colcon_core.shell:Creating environment hook '/home/hallzero/Code/2025-1A-T01-G05-INTERNO/src/computer_vision/kinect_publisher_ws/install/kinect_camera/share/kinect_camera/hook/ament_prefix_path.ps1'
[0.450s] INFO:colcon.colcon_core.shell:Creating environment descriptor '/home/hallzero/Code/2025-1A-T01-G05-INTERNO/src/computer_vision/kinect_publisher_ws/install/kinect_camera/share/kinect_camera/hook/ament_prefix_path.dsv'
[0.451s] INFO:colcon.colcon_core.shell:Creating environment hook '/home/hallzero/Code/2025-1A-T01-G05-INTERNO/src/computer_vision/kinect_publisher_ws/install/kinect_camera/share/kinect_camera/hook/ament_prefix_path.sh'
[0.452s] INFO:colcon.colcon_core.shell:Skip shell extension 'powershell' for command environment: Not usable outside of PowerShell
[0.452s] DEBUG:colcon.colcon_core.shell:Skip shell extension 'dsv' for command environment
[0.455s] INFO:colcon.colcon_ros.task.ament_python.build:Building ROS package in '/home/hallzero/Code/2025-1A-T01-G05-INTERNO/src/computer_vision/kinect_publisher_ws/src/performance_monitor' with build type 'ament_python'
[0.456s] Level 1:colcon.colcon_core.shell:create_environment_hook('performance_monitor', 'ament_prefix_path')
[0.456s] INFO:colcon.colcon_core.shell:Creating environment hook '/home/hallzero/Code/2025-1A-T01-G05-INTERNO/src/computer_vision/kinect_publisher_ws/install/performance_monitor/share/performance_monitor/hook/ament_prefix_path.ps1'
[0.457s] INFO:colcon.colcon_core.shell:Creating environment descriptor '/home/hallzero/Code/2025-1A-T01-G05-INTERNO/src/computer_vision/kinect_publisher_ws/install/performance_monitor/share/performance_monitor/hook/ament_prefix_path.dsv'
[0.457s] INFO:colcon.colcon_core.shell:Creating environment hook '/home/hallzero/Code/2025-1A-T01-G05-INTERNO/src/computer_vision/kinect_publisher_ws/install/performance_monitor/share/performance_monitor/hook/ament_prefix_path.sh'
[0.458s] INFO:colcon.colcon_core.shell:Skip shell extension 'powershell' for command environment: Not usable outside of PowerShell
[0.458s] DEBUG:colcon.colcon_core.shell:Skip shell extension 'dsv' for command environment
[0.734s] INFO:colcon.colcon_core.task.python.build:Building Python package in '/home/hallzero/Code/2025-1A-T01-G05-INTERNO/src/computer_vision/kinect_publisher_ws/src/kinect_camera'
[0.734s] INFO:colcon.colcon_core.shell:Skip shell extension 'powershell' for command environment: Not usable outside of PowerShell
[0.734s] DEBUG:colcon.colcon_core.shell:Skip shell extension 'dsv' for command environment
[0.974s] INFO:colcon.colcon_core.task.python.build:Building Python package in '/home/hallzero/Code/2025-1A-T01-G05-INTERNO/src/computer_vision/kinect_publisher_ws/src/performance_monitor'
[0.974s] INFO:colcon.colcon_core.shell:Skip shell extension 'powershell' for command environment: Not usable outside of PowerShell
[0.975s] DEBUG:colcon.colcon_core.shell:Skip shell extension 'dsv' for command environment
[2.238s] DEBUG:colcon.colcon_core.event_handler.log_command:Invoking command in '/home/hallzero/Code/2025-1A-T01-G05-INTERNO/src/computer_vision/kinect_publisher_ws/src/performance_monitor': DEBUGINFOD_URLS=https://debuginfod.ubuntu.com PYTHONPATH=/home/hallzero/Code/2025-1A-T01-G05-INTERNO/src/computer_vision/kinect_publisher_ws/build/performance_monitor/prefix_override:/usr/lib/python3/dist-packages/colcon_core/task/python/colcon_distutils_commands:/home/hallzero/Code/2025-1A-T01-G05-INTERNO/src/computer_vision/kinect_publisher_ws/install/performance_monitor/lib/python3.12/site-packages:${PYTHONPATH} /usr/bin/python3 -W ignore:setup.py install is deprecated -W ignore:easy_install command is deprecated setup.py egg_info --egg-base ../../build/performance_monitor build --build-base /home/hallzero/Code/2025-1A-T01-G05-INTERNO/src/computer_vision/kinect_publisher_ws/build/performance_monitor/build install --record /home/hallzero/Code/2025-1A-T01-G05-INTERNO/src/computer_vision/kinect_publisher_ws/build/performance_monitor/install.log --single-version-externally-managed install_data
[2.244s] DEBUG:colcon.colcon_core.event_handler.log_command:Invoking command in '/home/hallzero/Code/2025-1A-T01-G05-INTERNO/src/computer_vision/kinect_publisher_ws/src/kinect_camera': DEBUGINFOD_URLS=https://debuginfod.ubuntu.com PYTHONPATH=/home/hallzero/Code/2025-1A-T01-G05-INTERNO/src/computer_vision/kinect_publisher_ws/build/kinect_camera/prefix_override:/usr/lib/python3/dist-packages/colcon_core/task/python/colcon_distutils_commands:/home/hallzero/Code/2025-1A-T01-G05-INTERNO/src/computer_vision/kinect_publisher_ws/install/kinect_camera/lib/python3.12/site-packages:${PYTHONPATH} /usr/bin/python3 -W ignore:setup.py install is deprecated -W ignore:easy_install command is deprecated setup.py egg_info --egg-base ../../build/kinect_camera build --build-base /home/hallzero/Code/2025-1A-T01-G05-INTERNO/src/computer_vision/kinect_publisher_ws/build/kinect_camera/build install --record /home/hallzero/Code/2025-1A-T01-G05-INTERNO/src/computer_vision/kinect_publisher_ws/build/kinect_camera/install.log --single-version-externally-managed install_data
[2.938s] DEBUG:colcon.colcon_core.event_handler.log_command:Invoked command in '/home/hallzero/Code/2025-1A-T01-G05-INTERNO/src/computer_vision/kinect_publisher_ws/src/performance_monitor' returned '0': DEBUGINFOD_URLS=https://debuginfod.ubuntu.com PYTHONPATH=/home/hallzero/Code/2025-1A-T01-G05-INTERNO/src/computer_vision/kinect_publisher_ws/build/performance_monitor/prefix_override:/usr/lib/python3/dist-packages/colcon_core/task/python/colcon_distutils_commands:/home/hallzero/Code/2025-1A-T01-G05-INTERNO/src/computer_vision/kinect_publisher_ws/install/performance_monitor/lib/python3.12/site-packages:${PYTHONPATH} /usr/bin/python3 -W ignore:setup.py install is deprecated -W ignore:easy_install command is deprecated setup.py egg_info --egg-base ../../build/performance_monitor build --build-base /home/hallzero/Code/2025-1A-T01-G05-INTERNO/src/computer_vision/kinect_publisher_ws/build/performance_monitor/build install --record /home/hallzero/Code/2025-1A-T01-G05-INTERNO/src/computer_vision/kinect_publisher_ws/build/performance_monitor/install.log --single-version-externally-managed install_data
[2.943s] Level 1:colcon.colcon_core.environment:checking '/home/hallzero/Code/2025-1A-T01-G05-INTERNO/src/computer_vision/kinect_publisher_ws/install/performance_monitor' for CMake module files
[2.944s] Level 1:colcon.colcon_core.environment:checking '/home/hallzero/Code/2025-1A-T01-G05-INTERNO/src/computer_vision/kinect_publisher_ws/install/performance_monitor' for CMake config files
[2.944s] Level 1:colcon.colcon_core.environment:checking '/home/hallzero/Code/2025-1A-T01-G05-INTERNO/src/computer_vision/kinect_publisher_ws/install/performance_monitor/lib'
[2.945s] Level 1:colcon.colcon_core.environment:checking '/home/hallzero/Code/2025-1A-T01-G05-INTERNO/src/computer_vision/kinect_publisher_ws/install/performance_monitor/bin'
[2.945s] Level 1:colcon.colcon_core.environment:checking '/home/hallzero/Code/2025-1A-T01-G05-INTERNO/src/computer_vision/kinect_publisher_ws/install/performance_monitor/lib/pkgconfig/performance_monitor.pc'
[2.945s] Level 1:colcon.colcon_core.environment:checking '/home/hallzero/Code/2025-1A-T01-G05-INTERNO/src/computer_vision/kinect_publisher_ws/install/performance_monitor/lib/python3.12/site-packages'
[2.945s] Level 1:colcon.colcon_core.shell:create_environment_hook('performance_monitor', 'pythonpath')
[2.945s] INFO:colcon.colcon_core.shell:Creating environment hook '/home/hallzero/Code/2025-1A-T01-G05-INTERNO/src/computer_vision/kinect_publisher_ws/install/performance_monitor/share/performance_monitor/hook/pythonpath.ps1'
[2.946s] INFO:colcon.colcon_core.shell:Creating environment descriptor '/home/hallzero/Code/2025-1A-T01-G05-INTERNO/src/computer_vision/kinect_publisher_ws/install/performance_monitor/share/performance_monitor/hook/pythonpath.dsv'
[2.946s] INFO:colcon.colcon_core.shell:Creating environment hook '/home/hallzero/Code/2025-1A-T01-G05-INTERNO/src/computer_vision/kinect_publisher_ws/install/performance_monitor/share/performance_monitor/hook/pythonpath.sh'
[2.947s] Level 1:colcon.colcon_core.environment:checking '/home/hallzero/Code/2025-1A-T01-G05-INTERNO/src/computer_vision/kinect_publisher_ws/install/performance_monitor/bin'
[2.947s] Level 1:colcon.colcon_core.environment:create_environment_scripts_only(performance_monitor)
[2.947s] INFO:colcon.colcon_core.shell:Creating package script '/home/hallzero/Code/2025-1A-T01-G05-INTERNO/src/computer_vision/kinect_publisher_ws/install/performance_monitor/share/performance_monitor/package.ps1'
[2.948s] INFO:colcon.colcon_core.shell:Creating package descriptor '/home/hallzero/Code/2025-1A-T01-G05-INTERNO/src/computer_vision/kinect_publisher_ws/install/performance_monitor/share/performance_monitor/package.dsv'
[2.949s] INFO:colcon.colcon_core.shell:Creating package script '/home/hallzero/Code/2025-1A-T01-G05-INTERNO/src/computer_vision/kinect_publisher_ws/install/performance_monitor/share/performance_monitor/package.sh'
[2.950s] INFO:colcon.colcon_core.shell:Creating package script '/home/hallzero/Code/2025-1A-T01-G05-INTERNO/src/computer_vision/kinect_publisher_ws/install/performance_monitor/share/performance_monitor/package.bash'
[2.951s] INFO:colcon.colcon_core.shell:Creating package script '/home/hallzero/Code/2025-1A-T01-G05-INTERNO/src/computer_vision/kinect_publisher_ws/install/performance_monitor/share/performance_monitor/package.zsh'
[2.951s] Level 1:colcon.colcon_core.environment:create_file_with_runtime_dependencies(/home/hallzero/Code/2025-1A-T01-G05-INTERNO/src/computer_vision/kinect_publisher_ws/install/performance_monitor/share/colcon-core/packages/performance_monitor)
[2.962s] Level 1:colcon.colcon_core.environment:checking '/home/hallzero/Code/2025-1A-T01-G05-INTERNO/src/computer_vision/kinect_publisher_ws/install/kinect_camera' for CMake module files
[2.963s] DEBUG:colcon.colcon_core.event_handler.log_command:Invoked command in '/home/hallzero/Code/2025-1A-T01-G05-INTERNO/src/computer_vision/kinect_publisher_ws/src/kinect_camera' returned '0': DEBUGINFOD_URLS=https://debuginfod.ubuntu.com PYTHONPATH=/home/hallzero/Code/2025-1A-T01-G05-INTERNO/src/computer_vision/kinect_publisher_ws/build/kinect_camera/prefix_override:/usr/lib/python3/dist-packages/colcon_core/task/python/colcon_distutils_commands:/home/hallzero/Code/2025-1A-T01-G05-INTERNO/src/computer_vision/kinect_publisher_ws/install/kinect_camera/lib/python3.12/site-packages:${PYTHONPATH} /usr/bin/python3 -W ignore:setup.py install is deprecated -W ignore:easy_install command is deprecated setup.py egg_info --egg-base ../../build/kinect_camera build --build-base /home/hallzero/Code/2025-1A-T01-G05-INTERNO/src/computer_vision/kinect_publisher_ws/build/kinect_camera/build install --record /home/hallzero/Code/2025-1A-T01-G05-INTERNO/src/computer_vision/kinect_publisher_ws/build/kinect_camera/install.log --single-version-externally-managed install_data
[2.964s] Level 1:colcon.colcon_core.environment:checking '/home/hallzero/Code/2025-1A-T01-G05-INTERNO/src/computer_vision/kinect_publisher_ws/install/kinect_camera' for CMake config files
[2.964s] Level 1:colcon.colcon_core.environment:checking '/home/hallzero/Code/2025-1A-T01-G05-INTERNO/src/computer_vision/kinect_publisher_ws/install/kinect_camera/lib'
[2.964s] Level 1:colcon.colcon_core.environment:checking '/home/hallzero/Code/2025-1A-T01-G05-INTERNO/src/computer_vision/kinect_publisher_ws/install/kinect_camera/bin'
[2.965s] Level 1:colcon.colcon_core.environment:checking '/home/hallzero/Code/2025-1A-T01-G05-INTERNO/src/computer_vision/kinect_publisher_ws/install/kinect_camera/lib/pkgconfig/kinect_camera.pc'
[2.965s] Level 1:colcon.colcon_core.environment:checking '/home/hallzero/Code/2025-1A-T01-G05-INTERNO/src/computer_vision/kinect_publisher_ws/install/kinect_camera/lib/python3.12/site-packages'
[2.965s] Level 1:colcon.colcon_core.shell:create_environment_hook('kinect_camera', 'pythonpath')
[2.965s] INFO:colcon.colcon_core.shell:Creating environment hook '/home/hallzero/Code/2025-1A-T01-G05-INTERNO/src/computer_vision/kinect_publisher_ws/install/kinect_camera/share/kinect_camera/hook/pythonpath.ps1'
[2.966s] INFO:colcon.colcon_core.shell:Creating environment descriptor '/home/hallzero/Code/2025-1A-T01-G05-INTERNO/src/computer_vision/kinect_publisher_ws/install/kinect_camera/share/kinect_camera/hook/pythonpath.dsv'
[2.966s] INFO:colcon.colcon_core.shell:Creating environment hook '/home/hallzero/Code/2025-1A-T01-G05-INTERNO/src/computer_vision/kinect_publisher_ws/install/kinect_camera/share/kinect_camera/hook/pythonpath.sh'
[2.969s] Level 1:colcon.colcon_core.environment:checking '/home/hallzero/Code/2025-1A-T01-G05-INTERNO/src/computer_vision/kinect_publisher_ws/install/kinect_camera/bin'
[2.969s] Level 1:colcon.colcon_core.environment:create_environment_scripts_only(kinect_camera)
[2.969s] INFO:colcon.colcon_core.shell:Creating package script '/home/hallzero/Code/2025-1A-T01-G05-INTERNO/src/computer_vision/kinect_publisher_ws/install/kinect_camera/share/kinect_camera/package.ps1'
[2.970s] INFO:colcon.colcon_core.shell:Creating package descriptor '/home/hallzero/Code/2025-1A-T01-G05-INTERNO/src/computer_vision/kinect_publisher_ws/install/kinect_camera/share/kinect_camera/package.dsv'
[2.971s] INFO:colcon.colcon_core.shell:Creating package script '/home/hallzero/Code/2025-1A-T01-G05-INTERNO/src/computer_vision/kinect_publisher_ws/install/kinect_camera/share/kinect_camera/package.sh'
[2.971s] INFO:colcon.colcon_core.shell:Creating package script '/home/hallzero/Code/2025-1A-T01-G05-INTERNO/src/computer_vision/kinect_publisher_ws/install/kinect_camera/share/kinect_camera/package.bash'
[2.973s] INFO:colcon.colcon_core.shell:Creating package script '/home/hallzero/Code/2025-1A-T01-G05-INTERNO/src/computer_vision/kinect_publisher_ws/install/kinect_camera/share/kinect_camera/package.zsh'
[2.974s] Level 1:colcon.colcon_core.environment:create_file_with_runtime_dependencies(/home/hallzero/Code/2025-1A-T01-G05-INTERNO/src/computer_vision/kinect_publisher_ws/install/kinect_camera/share/colcon-core/packages/kinect_camera)
[2.974s] DEBUG:colcon.colcon_parallel_executor.executor.parallel:closing loop
[2.974s] DEBUG:colcon.colcon_parallel_executor.executor.parallel:loop closed
[2.974s] DEBUG:colcon.colcon_parallel_executor.executor.parallel:run_until_complete finished with '0'
[2.975s] DEBUG:colcon.colcon_core.event_reactor:joining thread
[2.991s] INFO:colcon.colcon_core.plugin_system:Skipping extension 'colcon_notification.desktop_notification.terminal_notifier': Not used on non-Darwin systems
[2.991s] INFO:colcon.colcon_core.plugin_system:Skipping extension 'colcon_notification.desktop_notification.win32': Not used on non-Windows systems
[2.991s] INFO:colcon.colcon_notification.desktop_notification:Sending desktop notification using 'notify2'
[3.066s] DEBUG:colcon.colcon_core.event_reactor:joined thread
[3.067s] INFO:colcon.colcon_core.shell:Creating prefix script '/home/hallzero/Code/2025-1A-T01-G05-INTERNO/src/computer_vision/kinect_publisher_ws/install/local_setup.ps1'
[3.068s] INFO:colcon.colcon_core.shell:Creating prefix util module '/home/hallzero/Code/2025-1A-T01-G05-INTERNO/src/computer_vision/kinect_publisher_ws/install/_local_setup_util_ps1.py'
[3.070s] INFO:colcon.colcon_core.shell:Creating prefix chain script '/home/hallzero/Code/2025-1A-T01-G05-INTERNO/src/computer_vision/kinect_publisher_ws/install/setup.ps1'
[3.071s] INFO:colcon.colcon_core.shell:Creating prefix script '/home/hallzero/Code/2025-1A-T01-G05-INTERNO/src/computer_vision/kinect_publisher_ws/install/local_setup.sh'
[3.072s] INFO:colcon.colcon_core.shell:Creating prefix util module '/home/hallzero/Code/2025-1A-T01-G05-INTERNO/src/computer_vision/kinect_publisher_ws/install/_local_setup_util_sh.py'
[3.073s] INFO:colcon.colcon_core.shell:Creating prefix chain script '/home/hallzero/Code/2025-1A-T01-G05-INTERNO/src/computer_vision/kinect_publisher_ws/install/setup.sh'
[3.074s] INFO:colcon.colcon_core.shell:Creating prefix script '/home/hallzero/Code/2025-1A-T01-G05-INTERNO/src/computer_vision/kinect_publisher_ws/install/local_setup.bash'
[3.075s] INFO:colcon.colcon_core.shell:Creating prefix chain script '/home/hallzero/Code/2025-1A-T01-G05-INTERNO/src/computer_vision/kinect_publisher_ws/install/setup.bash'
[3.076s] INFO:colcon.colcon_core.shell:Creating prefix script '/home/hallzero/Code/2025-1A-T01-G05-INTERNO/src/computer_vision/kinect_publisher_ws/install/local_setup.zsh'
[3.077s] INFO:colcon.colcon_core.shell:Creating prefix chain script '/home/hallzero/Code/2025-1A-T01-G05-INTERNO/src/computer_vision/kinect_publisher_ws/install/setup.zsh'
