[2.037s] Invoking command in '/home/hallzero/Code/2025-1A-T01-G05-INTERNO/src/computer_vision/kinect_publisher_ws/src/performance_monitor': DEBUGINFOD_URLS=https://debuginfod.ubuntu.com PYTHONPATH=/home/hallzero/Code/2025-1A-T01-G05-INTERNO/src/computer_vision/kinect_publisher_ws/build/performance_monitor/prefix_override:/usr/lib/python3/dist-packages/colcon_core/task/python/colcon_distutils_commands:/home/hallzero/Code/2025-1A-T01-G05-INTERNO/src/computer_vision/kinect_publisher_ws/install/performance_monitor/lib/python3.12/site-packages:${PYTHONPATH} /usr/bin/python3 -W ignore:setup.py install is deprecated -W ignore:easy_install command is deprecated setup.py egg_info --egg-base ../../build/performance_monitor build --build-base /home/hallzero/Code/2025-1A-T01-G05-INTERNO/src/computer_vision/kinect_publisher_ws/build/performance_monitor/build install --record /home/hallzero/Code/2025-1A-T01-G05-INTERNO/src/computer_vision/kinect_publisher_ws/build/performance_monitor/install.log --single-version-externally-managed install_data
[2.464s] running egg_info
[2.491s] writing ../../build/performance_monitor/performance_monitor.egg-info/PKG-INFO
[2.491s] writing dependency_links to ../../build/performance_monitor/performance_monitor.egg-info/dependency_links.txt
[2.492s] writing entry points to ../../build/performance_monitor/performance_monitor.egg-info/entry_points.txt
[2.492s] writing requirements to ../../build/performance_monitor/performance_monitor.egg-info/requires.txt
[2.492s] writing top-level names to ../../build/performance_monitor/performance_monitor.egg-info/top_level.txt
[2.562s] reading manifest file '../../build/performance_monitor/performance_monitor.egg-info/SOURCES.txt'
[2.574s] writing manifest file '../../build/performance_monitor/performance_monitor.egg-info/SOURCES.txt'
[2.574s] running build
[2.574s] running build_py
[2.587s] running install
[2.594s] running install_lib
[2.632s] running install_data
[2.632s] running install_egg_info
[2.665s] removing '/home/hallzero/Code/2025-1A-T01-G05-INTERNO/src/computer_vision/kinect_publisher_ws/install/performance_monitor/lib/python3.12/site-packages/performance_monitor-0.0.0-py3.12.egg-info' (and everything under it)
[2.666s] Copying ../../build/performance_monitor/performance_monitor.egg-info to /home/hallzero/Code/2025-1A-T01-G05-INTERNO/src/computer_vision/kinect_publisher_ws/install/performance_monitor/lib/python3.12/site-packages/performance_monitor-0.0.0-py3.12.egg-info
[2.667s] running install_scripts
[2.866s] Installing performance_monitor_node script to /home/hallzero/Code/2025-1A-T01-G05-INTERNO/src/computer_vision/kinect_publisher_ws/install/performance_monitor/lib/performance_monitor
[2.866s] writing list of installed files to '/home/hallzero/Code/2025-1A-T01-G05-INTERNO/src/computer_vision/kinect_publisher_ws/build/performance_monitor/install.log'
[2.928s] Invoked command in '/home/hallzero/Code/2025-1A-T01-G05-INTERNO/src/computer_vision/kinect_publisher_ws/src/performance_monitor' returned '0': DEBUGINFOD_URLS=https://debuginfod.ubuntu.com PYTHONPATH=/home/hallzero/Code/2025-1A-T01-G05-INTERNO/src/computer_vision/kinect_publisher_ws/build/performance_monitor/prefix_override:/usr/lib/python3/dist-packages/colcon_core/task/python/colcon_distutils_commands:/home/hallzero/Code/2025-1A-T01-G05-INTERNO/src/computer_vision/kinect_publisher_ws/install/performance_monitor/lib/python3.12/site-packages:${PYTHONPATH} /usr/bin/python3 -W ignore:setup.py install is deprecated -W ignore:easy_install command is deprecated setup.py egg_info --egg-base ../../build/performance_monitor build --build-base /home/hallzero/Code/2025-1A-T01-G05-INTERNO/src/computer_vision/kinect_publisher_ws/build/performance_monitor/build install --record /home/hallzero/Code/2025-1A-T01-G05-INTERNO/src/computer_vision/kinect_publisher_ws/build/performance_monitor/install.log --single-version-externally-managed install_data
