[1.030s] Invoking command in '/home/hallzero/Code/kinect_ws/kinect_camera': DEBUGINFOD_URLS=https://debuginfod.ubuntu.com PYTHONPATH=/home/hallzero/Code/kinect_ws/build/kinect_camera/prefix_override:/usr/lib/python3/dist-packages/colcon_core/task/python/colcon_distutils_commands:/home/hallzero/Code/kinect_ws/install/kinect_camera/lib/python3.12/site-packages:${PYTHONPATH} /usr/bin/python3 -W ignore:setup.py install is deprecated -W ignore:easy_install command is deprecated setup.py egg_info --egg-base ../build/kinect_camera build --build-base /home/hallzero/Code/kinect_ws/build/kinect_camera/build install --record /home/hallzero/Code/kinect_ws/build/kinect_camera/install.log --single-version-externally-managed install_data
[1.352s] running egg_info
[1.376s] writing ../build/kinect_camera/kinect_camera.egg-info/PKG-INFO
[1.376s] writing dependency_links to ../build/kinect_camera/kinect_camera.egg-info/dependency_links.txt
[1.376s] writing entry points to ../build/kinect_camera/kinect_camera.egg-info/entry_points.txt
[1.376s] writing requirements to ../build/kinect_camera/kinect_camera.egg-info/requires.txt
[1.377s] writing top-level names to ../build/kinect_camera/kinect_camera.egg-info/top_level.txt
[1.432s] reading manifest file '../build/kinect_camera/kinect_camera.egg-info/SOURCES.txt'
[1.433s] writing manifest file '../build/kinect_camera/kinect_camera.egg-info/SOURCES.txt'
[1.433s] running build
[1.434s] running build_py
[1.434s] copying kinect_camera/subscriber.py -> /home/hallzero/Code/kinect_ws/build/kinect_camera/build/lib/kinect_camera
[1.434s] running install
[1.440s] running install_lib
[1.465s] copying /home/hallzero/Code/kinect_ws/build/kinect_camera/build/lib/kinect_camera/subscriber.py -> /home/hallzero/Code/kinect_ws/install/kinect_camera/lib/python3.12/site-packages/kinect_camera
[1.465s] byte-compiling /home/hallzero/Code/kinect_ws/install/kinect_camera/lib/python3.12/site-packages/kinect_camera/subscriber.py to subscriber.cpython-312.pyc
[1.466s] running install_data
[1.466s] running install_egg_info
[1.491s] removing '/home/hallzero/Code/kinect_ws/install/kinect_camera/lib/python3.12/site-packages/kinect_camera-0.0.0-py3.12.egg-info' (and everything under it)
[1.491s] Copying ../build/kinect_camera/kinect_camera.egg-info to /home/hallzero/Code/kinect_ws/install/kinect_camera/lib/python3.12/site-packages/kinect_camera-0.0.0-py3.12.egg-info
[1.492s] running install_scripts
[1.673s] Installing kinect_node script to /home/hallzero/Code/kinect_ws/install/kinect_camera/lib/kinect_camera
[1.673s] writing list of installed files to '/home/hallzero/Code/kinect_ws/build/kinect_camera/install.log'
[1.700s] Invoked command in '/home/hallzero/Code/kinect_ws/kinect_camera' returned '0': DEBUGINFOD_URLS=https://debuginfod.ubuntu.com PYTHONPATH=/home/hallzero/Code/kinect_ws/build/kinect_camera/prefix_override:/usr/lib/python3/dist-packages/colcon_core/task/python/colcon_distutils_commands:/home/hallzero/Code/kinect_ws/install/kinect_camera/lib/python3.12/site-packages:${PYTHONPATH} /usr/bin/python3 -W ignore:setup.py install is deprecated -W ignore:easy_install command is deprecated setup.py egg_info --egg-base ../build/kinect_camera build --build-base /home/hallzero/Code/kinect_ws/build/kinect_camera/build install --record /home/hallzero/Code/kinect_ws/build/kinect_camera/install.log --single-version-externally-managed install_data
