[2.281s] Invoking command in '/home/hallzero/Code/2025-1A-T01-G05-INTERNO/src/computer_vision/kinect_publisher_ws/src/kinect_camera': DEBUGINFOD_URLS=https://debuginfod.ubuntu.com PYTHONPATH=/home/hallzero/Code/2025-1A-T01-G05-INTERNO/src/computer_vision/kinect_publisher_ws/build/kinect_camera/prefix_override:/usr/lib/python3/dist-packages/colcon_core/task/python/colcon_distutils_commands:/home/hallzero/Code/2025-1A-T01-G05-INTERNO/src/computer_vision/kinect_publisher_ws/install/kinect_camera/lib/python3.12/site-packages:${PYTHONPATH} /usr/bin/python3 -W ignore:setup.py install is deprecated -W ignore:easy_install command is deprecated setup.py egg_info --egg-base ../../build/kinect_camera build --build-base /home/hallzero/Code/2025-1A-T01-G05-INTERNO/src/computer_vision/kinect_publisher_ws/build/kinect_camera/build install --record /home/hallzero/Code/2025-1A-T01-G05-INTERNO/src/computer_vision/kinect_publisher_ws/build/kinect_camera/install.log --single-version-externally-managed install_data
[2.754s] running egg_info
[2.781s] writing ../../build/kinect_camera/kinect_camera.egg-info/PKG-INFO
[2.781s] writing dependency_links to ../../build/kinect_camera/kinect_camera.egg-info/dependency_links.txt
[2.781s] writing entry points to ../../build/kinect_camera/kinect_camera.egg-info/entry_points.txt
[2.782s] writing requirements to ../../build/kinect_camera/kinect_camera.egg-info/requires.txt
[2.782s] writing top-level names to ../../build/kinect_camera/kinect_camera.egg-info/top_level.txt
[2.843s] reading manifest file '../../build/kinect_camera/kinect_camera.egg-info/SOURCES.txt'
[2.845s] writing manifest file '../../build/kinect_camera/kinect_camera.egg-info/SOURCES.txt'
[2.846s] running build
[2.846s] running build_py
[2.847s] running install
[2.858s] running install_lib
[2.889s] running install_data
[2.889s] running install_egg_info
[2.923s] removing '/home/hallzero/Code/2025-1A-T01-G05-INTERNO/src/computer_vision/kinect_publisher_ws/install/kinect_camera/lib/python3.12/site-packages/kinect_camera-0.0.0-py3.12.egg-info' (and everything under it)
[2.923s] Copying ../../build/kinect_camera/kinect_camera.egg-info to /home/hallzero/Code/2025-1A-T01-G05-INTERNO/src/computer_vision/kinect_publisher_ws/install/kinect_camera/lib/python3.12/site-packages/kinect_camera-0.0.0-py3.12.egg-info
[2.924s] running install_scripts
[3.137s] Installing calibration_manager script to /home/hallzero/Code/2025-1A-T01-G05-INTERNO/src/computer_vision/kinect_publisher_ws/install/kinect_camera/lib/kinect_camera
[3.138s] Installing kinect_node script to /home/hallzero/Code/2025-1A-T01-G05-INTERNO/src/computer_vision/kinect_publisher_ws/install/kinect_camera/lib/kinect_camera
[3.141s] writing list of installed files to '/home/hallzero/Code/2025-1A-T01-G05-INTERNO/src/computer_vision/kinect_publisher_ws/build/kinect_camera/install.log'
[3.199s] Invoked command in '/home/hallzero/Code/2025-1A-T01-G05-INTERNO/src/computer_vision/kinect_publisher_ws/src/kinect_camera' returned '0': DEBUGINFOD_URLS=https://debuginfod.ubuntu.com PYTHONPATH=/home/hallzero/Code/2025-1A-T01-G05-INTERNO/src/computer_vision/kinect_publisher_ws/build/kinect_camera/prefix_override:/usr/lib/python3/dist-packages/colcon_core/task/python/colcon_distutils_commands:/home/hallzero/Code/2025-1A-T01-G05-INTERNO/src/computer_vision/kinect_publisher_ws/install/kinect_camera/lib/python3.12/site-packages:${PYTHONPATH} /usr/bin/python3 -W ignore:setup.py install is deprecated -W ignore:easy_install command is deprecated setup.py egg_info --egg-base ../../build/kinect_camera build --build-base /home/hallzero/Code/2025-1A-T01-G05-INTERNO/src/computer_vision/kinect_publisher_ws/build/kinect_camera/build install --record /home/hallzero/Code/2025-1A-T01-G05-INTERNO/src/computer_vision/kinect_publisher_ws/build/kinect_camera/install.log --single-version-externally-managed install_data
