[1.654s] Invoking command in '/home/hallzero/Code/2025-1A-T01-G05-INTERNO/src/computer_vision/kinect_publisher_ws/src/kinect_camera': DEBUGINFOD_URLS=https://debuginfod.ubuntu.com PYTHONPATH=/home/hallzero/Code/2025-1A-T01-G05-INTERNO/src/computer_vision/kinect_publisher_ws/build/kinect_camera/prefix_override:/usr/lib/python3/dist-packages/colcon_core/task/python/colcon_distutils_commands:/home/hallzero/Code/2025-1A-T01-G05-INTERNO/src/computer_vision/kinect_publisher_ws/install/kinect_camera/lib/python3.12/site-packages:${PYTHONPATH} /usr/bin/python3 -W ignore:setup.py install is deprecated -W ignore:easy_install command is deprecated setup.py egg_info --egg-base ../../build/kinect_camera build --build-base /home/hallzero/Code/2025-1A-T01-G05-INTERNO/src/computer_vision/kinect_publisher_ws/build/kinect_camera/build install --record /home/hallzero/Code/2025-1A-T01-G05-INTERNO/src/computer_vision/kinect_publisher_ws/build/kinect_camera/install.log --single-version-externally-managed install_data
[2.044s] running egg_info
[2.044s] creating ../../build/kinect_camera/kinect_camera.egg-info
[2.071s] writing ../../build/kinect_camera/kinect_camera.egg-info/PKG-INFO
[2.072s] writing dependency_links to ../../build/kinect_camera/kinect_camera.egg-info/dependency_links.txt
[2.072s] writing entry points to ../../build/kinect_camera/kinect_camera.egg-info/entry_points.txt
[2.072s] writing requirements to ../../build/kinect_camera/kinect_camera.egg-info/requires.txt
[2.072s] writing top-level names to ../../build/kinect_camera/kinect_camera.egg-info/top_level.txt
[2.072s] writing manifest file '../../build/kinect_camera/kinect_camera.egg-info/SOURCES.txt'
[2.129s] reading manifest file '../../build/kinect_camera/kinect_camera.egg-info/SOURCES.txt'
[2.130s] writing manifest file '../../build/kinect_camera/kinect_camera.egg-info/SOURCES.txt'
[2.130s] running build
[2.130s] running build_py
[2.130s] creating /home/hallzero/Code/2025-1A-T01-G05-INTERNO/src/computer_vision/kinect_publisher_ws/build/kinect_camera/build
[2.131s] creating /home/hallzero/Code/2025-1A-T01-G05-INTERNO/src/computer_vision/kinect_publisher_ws/build/kinect_camera/build/lib
[2.131s] creating /home/hallzero/Code/2025-1A-T01-G05-INTERNO/src/computer_vision/kinect_publisher_ws/build/kinect_camera/build/lib/kinect_camera
[2.131s] copying kinect_camera/__init__.py -> /home/hallzero/Code/2025-1A-T01-G05-INTERNO/src/computer_vision/kinect_publisher_ws/build/kinect_camera/build/lib/kinect_camera
[2.131s] copying kinect_camera/calibration_manager.py -> /home/hallzero/Code/2025-1A-T01-G05-INTERNO/src/computer_vision/kinect_publisher_ws/build/kinect_camera/build/lib/kinect_camera
[2.131s] copying kinect_camera/kinect_node.py -> /home/hallzero/Code/2025-1A-T01-G05-INTERNO/src/computer_vision/kinect_publisher_ws/build/kinect_camera/build/lib/kinect_camera
[2.132s] running install
[2.144s] running install_lib
[2.183s] creating /home/hallzero/Code/2025-1A-T01-G05-INTERNO/src/computer_vision/kinect_publisher_ws/install/kinect_camera/lib/python3.12/site-packages/kinect_camera
[2.183s] copying /home/hallzero/Code/2025-1A-T01-G05-INTERNO/src/computer_vision/kinect_publisher_ws/build/kinect_camera/build/lib/kinect_camera/__init__.py -> /home/hallzero/Code/2025-1A-T01-G05-INTERNO/src/computer_vision/kinect_publisher_ws/install/kinect_camera/lib/python3.12/site-packages/kinect_camera
[2.184s] copying /home/hallzero/Code/2025-1A-T01-G05-INTERNO/src/computer_vision/kinect_publisher_ws/build/kinect_camera/build/lib/kinect_camera/calibration_manager.py -> /home/hallzero/Code/2025-1A-T01-G05-INTERNO/src/computer_vision/kinect_publisher_ws/install/kinect_camera/lib/python3.12/site-packages/kinect_camera
[2.184s] copying /home/hallzero/Code/2025-1A-T01-G05-INTERNO/src/computer_vision/kinect_publisher_ws/build/kinect_camera/build/lib/kinect_camera/kinect_node.py -> /home/hallzero/Code/2025-1A-T01-G05-INTERNO/src/computer_vision/kinect_publisher_ws/install/kinect_camera/lib/python3.12/site-packages/kinect_camera
[2.184s] byte-compiling /home/hallzero/Code/2025-1A-T01-G05-INTERNO/src/computer_vision/kinect_publisher_ws/install/kinect_camera/lib/python3.12/site-packages/kinect_camera/__init__.py to __init__.cpython-312.pyc
[2.184s] byte-compiling /home/hallzero/Code/2025-1A-T01-G05-INTERNO/src/computer_vision/kinect_publisher_ws/install/kinect_camera/lib/python3.12/site-packages/kinect_camera/calibration_manager.py to calibration_manager.cpython-312.pyc
[2.185s] byte-compiling /home/hallzero/Code/2025-1A-T01-G05-INTERNO/src/computer_vision/kinect_publisher_ws/install/kinect_camera/lib/python3.12/site-packages/kinect_camera/kinect_node.py to kinect_node.cpython-312.pyc
[2.186s] running install_data
[2.186s] creating /home/hallzero/Code/2025-1A-T01-G05-INTERNO/src/computer_vision/kinect_publisher_ws/install/kinect_camera/share/ament_index
[2.186s] creating /home/hallzero/Code/2025-1A-T01-G05-INTERNO/src/computer_vision/kinect_publisher_ws/install/kinect_camera/share/ament_index/resource_index
[2.187s] creating /home/hallzero/Code/2025-1A-T01-G05-INTERNO/src/computer_vision/kinect_publisher_ws/install/kinect_camera/share/ament_index/resource_index/packages
[2.187s] copying resource/kinect_camera -> /home/hallzero/Code/2025-1A-T01-G05-INTERNO/src/computer_vision/kinect_publisher_ws/install/kinect_camera/share/ament_index/resource_index/packages
[2.187s] copying package.xml -> /home/hallzero/Code/2025-1A-T01-G05-INTERNO/src/computer_vision/kinect_publisher_ws/install/kinect_camera/share/kinect_camera
[2.187s] running install_egg_info
[2.220s] Copying ../../build/kinect_camera/kinect_camera.egg-info to /home/hallzero/Code/2025-1A-T01-G05-INTERNO/src/computer_vision/kinect_publisher_ws/install/kinect_camera/lib/python3.12/site-packages/kinect_camera-0.0.0-py3.12.egg-info
[2.222s] running install_scripts
[2.410s] Installing calibration_manager script to /home/hallzero/Code/2025-1A-T01-G05-INTERNO/src/computer_vision/kinect_publisher_ws/install/kinect_camera/lib/kinect_camera
[2.410s] Installing kinect_node script to /home/hallzero/Code/2025-1A-T01-G05-INTERNO/src/computer_vision/kinect_publisher_ws/install/kinect_camera/lib/kinect_camera
[2.411s] writing list of installed files to '/home/hallzero/Code/2025-1A-T01-G05-INTERNO/src/computer_vision/kinect_publisher_ws/build/kinect_camera/install.log'
[2.450s] Invoked command in '/home/hallzero/Code/2025-1A-T01-G05-INTERNO/src/computer_vision/kinect_publisher_ws/src/kinect_camera' returned '0': DEBUGINFOD_URLS=https://debuginfod.ubuntu.com PYTHONPATH=/home/hallzero/Code/2025-1A-T01-G05-INTERNO/src/computer_vision/kinect_publisher_ws/build/kinect_camera/prefix_override:/usr/lib/python3/dist-packages/colcon_core/task/python/colcon_distutils_commands:/home/hallzero/Code/2025-1A-T01-G05-INTERNO/src/computer_vision/kinect_publisher_ws/install/kinect_camera/lib/python3.12/site-packages:${PYTHONPATH} /usr/bin/python3 -W ignore:setup.py install is deprecated -W ignore:easy_install command is deprecated setup.py egg_info --egg-base ../../build/kinect_camera build --build-base /home/hallzero/Code/2025-1A-T01-G05-INTERNO/src/computer_vision/kinect_publisher_ws/build/kinect_camera/build install --record /home/hallzero/Code/2025-1A-T01-G05-INTERNO/src/computer_vision/kinect_publisher_ws/build/kinect_camera/install.log --single-version-externally-managed install_data
