running egg_info
writing ../../build/kinect_camera/kinect_camera.egg-info/PKG-INFO
writing dependency_links to ../../build/kinect_camera/kinect_camera.egg-info/dependency_links.txt
writing entry points to ../../build/kinect_camera/kinect_camera.egg-info/entry_points.txt
writing requirements to ../../build/kinect_camera/kinect_camera.egg-info/requires.txt
writing top-level names to ../../build/kinect_camera/kinect_camera.egg-info/top_level.txt
reading manifest file '../../build/kinect_camera/kinect_camera.egg-info/SOURCES.txt'
writing manifest file '../../build/kinect_camera/kinect_camera.egg-info/SOURCES.txt'
running build
running build_py
copying kinect_camera/__init__.py -> /home/hallzero/Code/2025-1A-T01-G05-INTERNO/src/computer_vision/kinect_publisher_ws/build/kinect_camera/build/lib/kinect_camera
copying kinect_camera/calibration_manager.py -> /home/hallzero/Code/2025-1A-T01-G05-INTERNO/src/computer_vision/kinect_publisher_ws/build/kinect_camera/build/lib/kinect_camera
copying kinect_camera/kinect_node.py -> /home/hallzero/Code/2025-1A-T01-G05-INTERNO/src/computer_vision/kinect_publisher_ws/build/kinect_camera/build/lib/kinect_camera
running install
running install_lib
copying /home/hallzero/Code/2025-1A-T01-G05-INTERNO/src/computer_vision/kinect_publisher_ws/build/kinect_camera/build/lib/kinect_camera/__init__.py -> /home/hallzero/Code/2025-1A-T01-G05-INTERNO/src/computer_vision/kinect_publisher_ws/install/kinect_camera/lib/python3.12/site-packages/kinect_camera
copying /home/hallzero/Code/2025-1A-T01-G05-INTERNO/src/computer_vision/kinect_publisher_ws/build/kinect_camera/build/lib/kinect_camera/calibration_manager.py -> /home/hallzero/Code/2025-1A-T01-G05-INTERNO/src/computer_vision/kinect_publisher_ws/install/kinect_camera/lib/python3.12/site-packages/kinect_camera
copying /home/hallzero/Code/2025-1A-T01-G05-INTERNO/src/computer_vision/kinect_publisher_ws/build/kinect_camera/build/lib/kinect_camera/kinect_node.py -> /home/hallzero/Code/2025-1A-T01-G05-INTERNO/src/computer_vision/kinect_publisher_ws/install/kinect_camera/lib/python3.12/site-packages/kinect_camera
byte-compiling /home/hallzero/Code/2025-1A-T01-G05-INTERNO/src/computer_vision/kinect_publisher_ws/install/kinect_camera/lib/python3.12/site-packages/kinect_camera/__init__.py to __init__.cpython-312.pyc
byte-compiling /home/hallzero/Code/2025-1A-T01-G05-INTERNO/src/computer_vision/kinect_publisher_ws/install/kinect_camera/lib/python3.12/site-packages/kinect_camera/calibration_manager.py to calibration_manager.cpython-312.pyc
byte-compiling /home/hallzero/Code/2025-1A-T01-G05-INTERNO/src/computer_vision/kinect_publisher_ws/install/kinect_camera/lib/python3.12/site-packages/kinect_camera/kinect_node.py to kinect_node.cpython-312.pyc
running install_data
copying resource/kinect_camera -> /home/hallzero/Code/2025-1A-T01-G05-INTERNO/src/computer_vision/kinect_publisher_ws/install/kinect_camera/share/ament_index/resource_index/packages
copying package.xml -> /home/hallzero/Code/2025-1A-T01-G05-INTERNO/src/computer_vision/kinect_publisher_ws/install/kinect_camera/share/kinect_camera
running install_egg_info
removing '/home/hallzero/Code/2025-1A-T01-G05-INTERNO/src/computer_vision/kinect_publisher_ws/install/kinect_camera/lib/python3.12/site-packages/kinect_camera-0.0.0-py3.12.egg-info' (and everything under it)
Copying ../../build/kinect_camera/kinect_camera.egg-info to /home/hallzero/Code/2025-1A-T01-G05-INTERNO/src/computer_vision/kinect_publisher_ws/install/kinect_camera/lib/python3.12/site-packages/kinect_camera-0.0.0-py3.12.egg-info
running install_scripts
Installing calibration_manager script to /home/hallzero/Code/2025-1A-T01-G05-INTERNO/src/computer_vision/kinect_publisher_ws/install/kinect_camera/lib/kinect_camera
Installing kinect_node script to /home/hallzero/Code/2025-1A-T01-G05-INTERNO/src/computer_vision/kinect_publisher_ws/install/kinect_camera/lib/kinect_camera
writing list of installed files to '/home/hallzero/Code/2025-1A-T01-G05-INTERNO/src/computer_vision/kinect_publisher_ws/build/kinect_camera/install.log'
