running egg_info
creating ../build/kinect_camera/kinect_camera.egg-info
writing ../build/kinect_camera/kinect_camera.egg-info/PKG-INFO
writing dependency_links to ../build/kinect_camera/kinect_camera.egg-info/dependency_links.txt
writing entry points to ../build/kinect_camera/kinect_camera.egg-info/entry_points.txt
writing requirements to ../build/kinect_camera/kinect_camera.egg-info/requires.txt
writing top-level names to ../build/kinect_camera/kinect_camera.egg-info/top_level.txt
writing manifest file '../build/kinect_camera/kinect_camera.egg-info/SOURCES.txt'
reading manifest file '../build/kinect_camera/kinect_camera.egg-info/SOURCES.txt'
writing manifest file '../build/kinect_camera/kinect_camera.egg-info/SOURCES.txt'
running build
running build_py
creating /home/hallzero/Code/kinect_ws/build/kinect_camera/build
creating /home/hallzero/Code/kinect_ws/build/kinect_camera/build/lib
creating /home/hallzero/Code/kinect_ws/build/kinect_camera/build/lib/kinect_camera
copying kinect_camera/subscriber.py -> /home/hallzero/Code/kinect_ws/build/kinect_camera/build/lib/kinect_camera
copying kinect_camera/__init__.py -> /home/hallzero/Code/kinect_ws/build/kinect_camera/build/lib/kinect_camera
running install
running install_lib
creating /home/hallzero/Code/kinect_ws/install/kinect_camera/lib/python3.12/site-packages/kinect_camera
copying /home/hallzero/Code/kinect_ws/build/kinect_camera/build/lib/kinect_camera/subscriber.py -> /home/hallzero/Code/kinect_ws/install/kinect_camera/lib/python3.12/site-packages/kinect_camera
copying /home/hallzero/Code/kinect_ws/build/kinect_camera/build/lib/kinect_camera/__init__.py -> /home/hallzero/Code/kinect_ws/install/kinect_camera/lib/python3.12/site-packages/kinect_camera
byte-compiling /home/hallzero/Code/kinect_ws/install/kinect_camera/lib/python3.12/site-packages/kinect_camera/subscriber.py to subscriber.cpython-312.pyc
byte-compiling /home/hallzero/Code/kinect_ws/install/kinect_camera/lib/python3.12/site-packages/kinect_camera/__init__.py to __init__.cpython-312.pyc
running install_data
creating /home/hallzero/Code/kinect_ws/install/kinect_camera/share/ament_index
creating /home/hallzero/Code/kinect_ws/install/kinect_camera/share/ament_index/resource_index
creating /home/hallzero/Code/kinect_ws/install/kinect_camera/share/ament_index/resource_index/packages
copying resource/kinect_camera -> /home/hallzero/Code/kinect_ws/install/kinect_camera/share/ament_index/resource_index/packages
copying package.xml -> /home/hallzero/Code/kinect_ws/install/kinect_camera/share/kinect_camera
running install_egg_info
Copying ../build/kinect_camera/kinect_camera.egg-info to /home/hallzero/Code/kinect_ws/install/kinect_camera/lib/python3.12/site-packages/kinect_camera-0.0.0-py3.12.egg-info
running install_scripts
Installing kinect_node script to /home/hallzero/Code/kinect_ws/install/kinect_camera/lib/kinect_camera
writing list of installed files to '/home/hallzero/Code/kinect_ws/build/kinect_camera/install.log'
