[1.289s] Invoking command in '/home/hallzero/Code/kinect_ws/kinect_camera': DEBUGINFOD_URLS=https://debuginfod.ubuntu.com PYTHONPATH=/home/hallzero/Code/kinect_ws/build/kinect_camera/prefix_override:/usr/lib/python3/dist-packages/colcon_core/task/python/colcon_distutils_commands:/home/hallzero/Code/kinect_ws/install/kinect_camera/lib/python3.12/site-packages:${PYTHONPATH} /usr/bin/python3 -W ignore:setup.py install is deprecated -W ignore:easy_install command is deprecated setup.py egg_info --egg-base ../build/kinect_camera build --build-base /home/hallzero/Code/kinect_ws/build/kinect_camera/build install --record /home/hallzero/Code/kinect_ws/build/kinect_camera/install.log --single-version-externally-managed install_data
[1.604s] running egg_info
[1.604s] creating ../build/kinect_camera/kinect_camera.egg-info
[1.636s] writing ../build/kinect_camera/kinect_camera.egg-info/PKG-INFO
[1.637s] writing dependency_links to ../build/kinect_camera/kinect_camera.egg-info/dependency_links.txt
[1.637s] writing entry points to ../build/kinect_camera/kinect_camera.egg-info/entry_points.txt
[1.637s] writing requirements to ../build/kinect_camera/kinect_camera.egg-info/requires.txt
[1.637s] writing top-level names to ../build/kinect_camera/kinect_camera.egg-info/top_level.txt
[1.637s] writing manifest file '../build/kinect_camera/kinect_camera.egg-info/SOURCES.txt'
[1.687s] reading manifest file '../build/kinect_camera/kinect_camera.egg-info/SOURCES.txt'
[1.688s] writing manifest file '../build/kinect_camera/kinect_camera.egg-info/SOURCES.txt'
[1.688s] running build
[1.688s] running build_py
[1.688s] creating /home/hallzero/Code/kinect_ws/build/kinect_camera/build
[1.688s] creating /home/hallzero/Code/kinect_ws/build/kinect_camera/build/lib
[1.688s] creating /home/hallzero/Code/kinect_ws/build/kinect_camera/build/lib/kinect_camera
[1.689s] copying kinect_camera/subscriber.py -> /home/hallzero/Code/kinect_ws/build/kinect_camera/build/lib/kinect_camera
[1.689s] copying kinect_camera/__init__.py -> /home/hallzero/Code/kinect_ws/build/kinect_camera/build/lib/kinect_camera
[1.689s] running install
[1.696s] running install_lib
[1.726s] creating /home/hallzero/Code/kinect_ws/install/kinect_camera/lib/python3.12/site-packages/kinect_camera
[1.726s] copying /home/hallzero/Code/kinect_ws/build/kinect_camera/build/lib/kinect_camera/subscriber.py -> /home/hallzero/Code/kinect_ws/install/kinect_camera/lib/python3.12/site-packages/kinect_camera
[1.726s] copying /home/hallzero/Code/kinect_ws/build/kinect_camera/build/lib/kinect_camera/__init__.py -> /home/hallzero/Code/kinect_ws/install/kinect_camera/lib/python3.12/site-packages/kinect_camera
[1.727s] byte-compiling /home/hallzero/Code/kinect_ws/install/kinect_camera/lib/python3.12/site-packages/kinect_camera/subscriber.py to subscriber.cpython-312.pyc
[1.728s] byte-compiling /home/hallzero/Code/kinect_ws/install/kinect_camera/lib/python3.12/site-packages/kinect_camera/__init__.py to __init__.cpython-312.pyc
[1.728s] running install_data
[1.728s] creating /home/hallzero/Code/kinect_ws/install/kinect_camera/share/ament_index
[1.728s] creating /home/hallzero/Code/kinect_ws/install/kinect_camera/share/ament_index/resource_index
[1.728s] creating /home/hallzero/Code/kinect_ws/install/kinect_camera/share/ament_index/resource_index/packages
[1.728s] copying resource/kinect_camera -> /home/hallzero/Code/kinect_ws/install/kinect_camera/share/ament_index/resource_index/packages
[1.729s] copying package.xml -> /home/hallzero/Code/kinect_ws/install/kinect_camera/share/kinect_camera
[1.729s] running install_egg_info
[1.753s] Copying ../build/kinect_camera/kinect_camera.egg-info to /home/hallzero/Code/kinect_ws/install/kinect_camera/lib/python3.12/site-packages/kinect_camera-0.0.0-py3.12.egg-info
[1.754s] running install_scripts
[1.919s] Installing kinect_node script to /home/hallzero/Code/kinect_ws/install/kinect_camera/lib/kinect_camera
[1.920s] writing list of installed files to '/home/hallzero/Code/kinect_ws/build/kinect_camera/install.log'
[1.950s] Invoked command in '/home/hallzero/Code/kinect_ws/kinect_camera' returned '0': DEBUGINFOD_URLS=https://debuginfod.ubuntu.com PYTHONPATH=/home/hallzero/Code/kinect_ws/build/kinect_camera/prefix_override:/usr/lib/python3/dist-packages/colcon_core/task/python/colcon_distutils_commands:/home/hallzero/Code/kinect_ws/install/kinect_camera/lib/python3.12/site-packages:${PYTHONPATH} /usr/bin/python3 -W ignore:setup.py install is deprecated -W ignore:easy_install command is deprecated setup.py egg_info --egg-base ../build/kinect_camera build --build-base /home/hallzero/Code/kinect_ws/build/kinect_camera/build install --record /home/hallzero/Code/kinect_ws/build/kinect_camera/install.log --single-version-externally-managed install_data
